Build started 8/6/2014 4:19:32 PM.
     1>Project "E:\physics_engine\Pang.vcxproj" on node 2 (Build target(s)).
     1>ClCompile:
         R:\Programs\VC\bin\CL.exe /c /I"SFML-1.6/Include/" /ZI /nologo /W3 /WX- /Od /Oy- /D WIN32 /D _DEBUG /D _CONSOLE /D _UNICODE /D UNICODE /Gm /EHsc /RTC1 /MDd /GS /fp:precise /Zc:wchar_t /Zc:forScope /Yc"stdafx.h" /Fp"Debug\Pang.pch" /Fo"Debug\\" /Fd"Debug\vc110.pdb" /Gd /TP /analyze- /errorReport:prompt stdafx.cpp
         stdafx.cpp
         R:\Programs\VC\bin\CL.exe /c /I"SFML-1.6/Include/" /ZI /nologo /W3 /WX- /Od /Oy- /D WIN32 /D _DEBUG /D _CONSOLE /D _UNICODE /D UNICODE /Gm /EHsc /RTC1 /MDd /GS /fp:precise /Zc:wchar_t /Zc:forScope /Yu"stdafx.h" /Fp"Debug\Pang.pch" /Fo"Debug\\" /Fd"Debug\vc110.pdb" /Gd /TP /analyze- /errorReport:prompt GameObjectManager.cpp MainMenu.cpp Pang.cpp game.cpp PlayerPaddle.cpp SplashScreen.cpp VisibleGameObject.cpp
         VisibleGameObject.cpp
         SplashScreen.cpp
         PlayerPaddle.cpp
         game.cpp
         Pang.cpp
         MainMenu.cpp
         GameObjectManager.cpp
         Generating Code...
       ResourceCompile:
         C:\Program Files (x86)\Windows Kits\8.0\bin\x86\rc.exe /D _UNICODE /D UNICODE /l"0x0409" /nologo /fo"Debug\Pang.res" Pang.rc 
       Link:
         R:\Programs\VC\bin\link.exe /ERRORREPORT:PROMPT /OUT:"E:\physics_engine\Debug\Pang.exe" /INCREMENTAL /NOLOGO /LIBPATH:"SFML-1.6/lib/" kernel32.lib user32.lib gdi32.lib winspool.lib comdlg32.lib advapi32.lib shell32.lib ole32.lib oleaut32.lib uuid.lib odbc32.lib odbccp32.lib "sfml-system-d.lib" "sfml-main-d.lib" "sfml-graphics-d.lib" "sfml-audio-d.lib" "sfml-network-d.lib" "sfml-window-d.lib" kernel32.lib user32.lib gdi32.lib winspool.lib comdlg32.lib advapi32.lib shell32.lib ole32.lib oleaut32.lib uuid.lib odbc32.lib odbccp32.lib /MANIFEST /MANIFESTUAC:"level='asInvoker' uiAccess='false'" /manifest:embed /DEBUG /PDB:"E:\physics_engine\Debug\Pang.pdb" /SUBSYSTEM:CONSOLE /TLBID:1 /DYNAMICBASE /NXCOMPAT /IMPLIB:"E:\physics_engine\Debug\Pang.lib" /MACHINE:X86 Debug\Pang.res
         Debug\GameObjectManager.obj
         Debug\MainMenu.obj
         Debug\Pang.obj
         Debug\game.obj
         Debug\PlayerPaddle.obj
         Debug\SplashScreen.obj
         Debug\stdafx.obj
         Debug\VisibleGameObject.obj
     1>sfml-graphics-d.lib(sfml-graphics-d-2.dll) : fatal error LNK1112: module machine type 'x64' conflicts with target machine type 'X86'
     1>Done Building Project "E:\physics_engine\Pang.vcxproj" (Build target(s)) -- FAILED.

Build FAILED.

Time Elapsed 00:00:03.05
