C:\USERS\DJ\DOWNLOADS\PANG\PANG\X64\DEBUG\PANG.PCH
C:\USERS\DJ\DOWNLOADS\PANG\PANG\X64\DEBUG\STDAFX.OBJ
C:\USERS\DJ\DOWNLOADS\PANG\PANG\X64\DEBUG\VC110.PDB
C:\USERS\DJ\DOWNLOADS\PANG\PANG\X64\DEBUG\MAINMENU.OBJ
C:\USERS\DJ\DOWNLOADS\PANG\PANG\X64\DEBUG\PANG.OBJ
C:\USERS\DJ\DOWNLOADS\PANG\PANG\X64\DEBUG\GAME.OBJ
C:\USERS\DJ\DOWNLOADS\PANG\PANG\X64\DEBUG\SPLASHSCREEN.OBJ
C:\USERS\DJ\DOWNLOADS\PANG\PANG\X64\DEBUG\PANG.ILK
C:\USERS\DJ\DOWNLOADS\PANG\PANG\X64\DEBUG\PANG.EXE
C:\USERS\DJ\DOWNLOADS\PANG\PANG\X64\DEBUG\PANG.PDB
C:\USERS\DJ\DOWNLOADS\PANG\PANG\X64\DEBUG\PANG.RES
C:\Users\DJ\Downloads\pang\Pang\x64\Debug\game.obj
C:\Users\DJ\Downloads\pang\Pang\x64\Debug\MainMenu.obj
C:\Users\DJ\Downloads\pang\Pang\x64\Debug\Pang.obj
C:\Users\DJ\Downloads\pang\Pang\x64\Debug\SplashScreen.obj
C:\Users\DJ\Downloads\pang\Pang\x64\Debug\stdafx.obj
C:\Users\DJ\Downloads\pang\Pang\x64\Debug\Pang.ilk
C:\Users\DJ\Downloads\pang\Pang\x64\Debug\cl.command.1.tlog
C:\Users\DJ\Downloads\pang\Pang\x64\Debug\CL.read.1.tlog
C:\Users\DJ\Downloads\pang\Pang\x64\Debug\CL.write.1.tlog
C:\Users\DJ\Downloads\pang\Pang\x64\Debug\link-cvtres.read.1.tlog
C:\Users\DJ\Downloads\pang\Pang\x64\Debug\link-cvtres.write.1.tlog
C:\Users\DJ\Downloads\pang\Pang\x64\Debug\link-rc.read.1.tlog
C:\Users\DJ\Downloads\pang\Pang\x64\Debug\link-rc.write.1.tlog
C:\Users\DJ\Downloads\pang\Pang\x64\Debug\link.command.1.tlog
C:\Users\DJ\Downloads\pang\Pang\x64\Debug\link.read.1.tlog
C:\Users\DJ\Downloads\pang\Pang\x64\Debug\link.write.1.tlog
C:\Users\DJ\Downloads\pang\Pang\x64\Debug\rc.command.1.tlog
C:\Users\DJ\Downloads\pang\Pang\x64\Debug\rc.read.1.tlog
C:\Users\DJ\Downloads\pang\Pang\x64\Debug\rc.write.1.tlog
C:\Users\DJ\Downloads\pang\Pang\x64\Debug\Pang.res
C:\Users\DJ\Downloads\pang\Pang\x64\Debug\Pang.pch
C:\Users\DJ\Downloads\pang\Pang\x64\Debug\vc110.idb
C:\Users\DJ\Downloads\pang\Pang\x64\Debug\Pang.pdb
C:\Users\DJ\Downloads\pang\Pang\x64\Debug\vc110.pdb
C:\Users\DJ\Downloads\pang\Pang\x64\Debug\Pang.exe
